<?xml version="1.0" encoding="UTF-8" ?>
<testsuite tests="3" failures="0" name="edu.brown.cs.group1.field.TemplateFieldsTest" time="0.002" errors="0" skipped="0">
  <properties>
[...]
</properties>
  <testcase classname="edu.brown.cs.group1.field.TemplateFieldsTest" name="testToString" time="0.002"/>
  <testcase classname="edu.brown.cs.group1.field.TemplateFieldsTest" name="testFieldsAndLabelsValueOf" time="0"/>
  <testcase classname="edu.brown.cs.group1.field.TemplateFieldsTest" name="testFieldsValueOf" time="0"/>
</testsuite>